<?xml version="1.0" encoding="UTF-8"?>
<testsuite name="org.polytech.covidapi.CovidApiApplicationTests" tests="1" skipped="0" failures="0" errors="0" timestamp="2022-11-18T13:54:12" hostname="MSI" time="0.237">
  <properties/>
  <testcase name="contextLoads()" classname="org.polytech.covidapi.CovidApiApplicationTests" time="0.237"/>
  <system-out><![CDATA[14:54:05.596 [Test worker] DEBUG org.springframework.test.context.BootstrapUtils - Instantiating CacheAwareContextLoaderDelegate from class [org.springframework.test.context.cache.DefaultCacheAwareContextLoaderDelegate]
14:54:05.608 [Test worker] DEBUG org.springframework.test.context.BootstrapUtils - Instantiating BootstrapContext using constructor [public org.springframework.test.context.support.DefaultBootstrapContext(java.lang.Class,org.springframework.test.context.CacheAwareContextLoaderDelegate)]
14:54:05.652 [Test worker] DEBUG org.springframework.test.context.BootstrapUtils - Instantiating TestContextBootstrapper for test class [org.polytech.covidapi.CovidApiApplicationTests] from class [org.springframework.boot.test.context.SpringBootTestContextBootstrapper]
14:54:05.665 [Test worker] INFO org.springframework.boot.test.context.SpringBootTestContextBootstrapper - Neither @ContextConfiguration nor @ContextHierarchy found for test class [org.polytech.covidapi.CovidApiApplicationTests], using SpringBootContextLoader
14:54:05.670 [Test worker] DEBUG org.springframework.test.context.support.AbstractContextLoader - Did not detect default resource location for test class [org.polytech.covidapi.CovidApiApplicationTests]: class path resource [org/polytech/covidapi/CovidApiApplicationTests-context.xml] does not exist
14:54:05.671 [Test worker] DEBUG org.springframework.test.context.support.AbstractContextLoader - Did not detect default resource location for test class [org.polytech.covidapi.CovidApiApplicationTests]: class path resource [org/polytech/covidapi/CovidApiApplicationTestsContext.groovy] does not exist
14:54:05.671 [Test worker] INFO org.springframework.test.context.support.AbstractContextLoader - Could not detect default resource locations for test class [org.polytech.covidapi.CovidApiApplicationTests]: no resource found for suffixes {-context.xml, Context.groovy}.
14:54:05.672 [Test worker] INFO org.springframework.test.context.support.AnnotationConfigContextLoaderUtils - Could not detect default configuration classes for test class [org.polytech.covidapi.CovidApiApplicationTests]: CovidApiApplicationTests does not declare any static, non-private, non-final, nested classes annotated with @Configuration.
14:54:05.736 [Test worker] DEBUG org.springframework.test.context.support.ActiveProfilesUtils - Could not find an 'annotation declaring class' for annotation type [org.springframework.test.context.ActiveProfiles] and class [org.polytech.covidapi.CovidApiApplicationTests]
14:54:05.835 [Test worker] DEBUG org.springframework.context.annotation.ClassPathScanningCandidateComponentProvider - Identified candidate component class: file [D:\Documents\Fullstack\covid-api\build\classes\java\main\org\polytech\covidapi\CovidApiApplication.class]
14:54:05.854 [Test worker] INFO org.springframework.boot.test.context.SpringBootTestContextBootstrapper - Found @SpringBootConfiguration org.polytech.covidapi.CovidApiApplication for test class org.polytech.covidapi.CovidApiApplicationTests
14:54:06.001 [Test worker] DEBUG org.springframework.boot.test.context.SpringBootTestContextBootstrapper - @TestExecutionListeners is not present for class [org.polytech.covidapi.CovidApiApplicationTests]: using defaults.
14:54:06.002 [Test worker] INFO org.springframework.boot.test.context.SpringBootTestContextBootstrapper - Loaded default TestExecutionListener class names from location [META-INF/spring.factories]: [org.springframework.security.test.context.support.WithSecurityContextTestExecutionListener, org.springframework.security.test.context.support.ReactorContextTestExecutionListener, org.springframework.boot.test.autoconfigure.restdocs.RestDocsTestExecutionListener, org.springframework.boot.test.autoconfigure.web.client.MockRestServiceServerResetTestExecutionListener, org.springframework.boot.test.autoconfigure.web.servlet.MockMvcPrintOnlyOnFailureTestExecutionListener, org.springframework.boot.test.autoconfigure.web.servlet.WebDriverTestExecutionListener, org.springframework.boot.test.autoconfigure.webservices.client.MockWebServiceServerTestExecutionListener, org.springframework.boot.test.mock.mockito.MockitoTestExecutionListener, org.springframework.boot.test.mock.mockito.ResetMocksTestExecutionListener, org.springframework.test.context.web.ServletTestExecutionListener, org.springframework.test.context.support.DirtiesContextBeforeModesTestExecutionListener, org.springframework.test.context.event.ApplicationEventsTestExecutionListener, org.springframework.test.context.support.DependencyInjectionTestExecutionListener, org.springframework.test.context.support.DirtiesContextTestExecutionListener, org.springframework.test.context.transaction.TransactionalTestExecutionListener, org.springframework.test.context.jdbc.SqlScriptsTestExecutionListener, org.springframework.test.context.event.EventPublishingTestExecutionListener]
14:54:06.029 [Test worker] INFO org.springframework.boot.test.context.SpringBootTestContextBootstrapper - Using TestExecutionListeners: [org.springframework.test.context.web.ServletTestExecutionListener@3e2822, org.springframework.test.context.support.DirtiesContextBeforeModesTestExecutionListener@79e18e38, org.springframework.test.context.event.ApplicationEventsTestExecutionListener@29a60c27, org.springframework.boot.test.mock.mockito.MockitoTestExecutionListener@1849db1a, org.springframework.boot.test.autoconfigure.SpringBootDependencyInjectionTestExecutionListener@69c79f09, org.springframework.test.context.support.DirtiesContextTestExecutionListener@1ca25c47, org.springframework.test.context.transaction.TransactionalTestExecutionListener@5fcacc0, org.springframework.test.context.jdbc.SqlScriptsTestExecutionListener@533b266e, org.springframework.security.test.context.support.WithSecurityContextTestExecutionListener@6d1d4d7, org.springframework.test.context.event.EventPublishingTestExecutionListener@89ff02e, org.springframework.security.test.context.support.ReactorContextTestExecutionListener@6865c751, org.springframework.boot.test.autoconfigure.restdocs.RestDocsTestExecutionListener@62679465, org.springframework.boot.test.autoconfigure.web.client.MockRestServiceServerResetTestExecutionListener@6a988392, org.springframework.boot.test.autoconfigure.web.servlet.MockMvcPrintOnlyOnFailureTestExecutionListener@1d71006f, org.springframework.boot.test.autoconfigure.web.servlet.WebDriverTestExecutionListener@5b6813df, org.springframework.boot.test.autoconfigure.webservices.client.MockWebServiceServerTestExecutionListener@5f2606b, org.springframework.boot.test.mock.mockito.ResetMocksTestExecutionListener@2b58f754]
14:54:06.035 [Test worker] DEBUG org.springframework.test.context.support.AbstractDirtiesContextTestExecutionListener - Before test class: context [DefaultTestContext@841e575 testClass = CovidApiApplicationTests, testInstance = [null], testMethod = [null], testException = [null], mergedContextConfiguration = [WebMergedContextConfiguration@27a5328c testClass = CovidApiApplicationTests, locations = '{}', classes = '{class org.polytech.covidapi.CovidApiApplication}', contextInitializerClasses = '[]', activeProfiles = '{}', propertySourceLocations = '{}', propertySourceProperties = '{org.springframework.boot.test.context.SpringBootTestContextBootstrapper=true}', contextCustomizers = set[org.springframework.boot.test.autoconfigure.actuate.metrics.MetricsExportContextCustomizerFactory$DisableMetricExportContextCustomizer@7b94089b, org.springframework.boot.test.autoconfigure.properties.PropertyMappingContextCustomizer@0, org.springframework.boot.test.autoconfigure.web.servlet.WebDriverContextCustomizerFactory$Customizer@503ecb24, org.springframework.boot.test.context.filter.ExcludeFilterContextCustomizer@3568f9d2, org.springframework.boot.test.json.DuplicateJsonObjectContextCustomizerFactory$DuplicateJsonObjectContextCustomizer@4b1d6571, org.springframework.boot.test.mock.mockito.MockitoContextCustomizer@0, org.springframework.boot.test.web.client.TestRestTemplateContextCustomizer@797cf65c, org.springframework.boot.test.context.SpringBootTestArgs@1, org.springframework.boot.test.context.SpringBootTestWebEnvironment@483f6d77], resourceBasePath = 'src/main/webapp', contextLoader = 'org.springframework.boot.test.context.SpringBootContextLoader', parent = [null]], attributes = map['org.springframework.test.context.web.ServletTestExecutionListener.activateListener' -> true]], class annotated with @DirtiesContext [false] with mode [null].

  .   ____          _            __ _ _
 /\\ / ___'_ __ _ _(_)_ __  __ _ \ \ \ \
( ( )\___ | '_ | '_| | '_ \/ _` | \ \ \ \
 \\/  ___)| |_)| | | | | || (_| |  ) ) ) )
  '  |____| .__|_| |_|_| |_\__, | / / / /
 =========|_|==============|___/=/_/_/_/
 :: Spring Boot ::                (v2.7.4)

2022-11-18 14:54:06.595  INFO 9516 --- [    Test worker] o.p.covidapi.CovidApiApplicationTests    : Starting CovidApiApplicationTests using Java 17.0.4.1 on MSI with PID 9516 (started by nicol in D:\Documents\Fullstack\covid-api)
2022-11-18 14:54:06.596  INFO 9516 --- [    Test worker] o.p.covidapi.CovidApiApplicationTests    : No active profile set, falling back to 1 default profile: "default"
2022-11-18 14:54:07.463  INFO 9516 --- [    Test worker] .s.d.r.c.RepositoryConfigurationDelegate : Bootstrapping Spring Data JPA repositories in DEFAULT mode.
2022-11-18 14:54:07.532  INFO 9516 --- [    Test worker] .s.d.r.c.RepositoryConfigurationDelegate : Finished Spring Data repository scanning in 59 ms. Found 2 JPA repository interfaces.
2022-11-18 14:54:08.344  INFO 9516 --- [    Test worker] o.hibernate.jpa.internal.util.LogHelper  : HHH000204: Processing PersistenceUnitInfo [name: default]
2022-11-18 14:54:08.413  INFO 9516 --- [    Test worker] org.hibernate.Version                    : HHH000412: Hibernate ORM core version 5.6.11.Final
2022-11-18 14:54:08.632  INFO 9516 --- [    Test worker] o.hibernate.annotations.common.Version   : HCANN000001: Hibernate Commons Annotations {5.1.2.Final}
2022-11-18 14:54:08.800  INFO 9516 --- [    Test worker] com.zaxxer.hikari.HikariDataSource       : HikariPool-1 - Starting...
2022-11-18 14:54:09.070  INFO 9516 --- [    Test worker] com.zaxxer.hikari.HikariDataSource       : HikariPool-1 - Start completed.
2022-11-18 14:54:09.096  INFO 9516 --- [    Test worker] org.hibernate.dialect.Dialect            : HHH000400: Using dialect: org.hibernate.dialect.PostgreSQLDialect
2022-11-18 14:54:10.345 DEBUG 9516 --- [    Test worker] org.hibernate.SQL                        : alter table appointment drop constraint fk_id_center
Hibernate: alter table appointment drop constraint fk_id_center
2022-11-18 14:54:10.378 DEBUG 9516 --- [    Test worker] org.hibernate.SQL                        : alter table appointment drop constraint fk_id_patient
Hibernate: alter table appointment drop constraint fk_id_patient
2022-11-18 14:54:10.380 DEBUG 9516 --- [    Test worker] org.hibernate.SQL                        : alter table center_admin drop constraint fk_id_center
Hibernate: alter table center_admin drop constraint fk_id_center
2022-11-18 14:54:10.381 DEBUG 9516 --- [    Test worker] org.hibernate.SQL                        : alter table doctor drop constraint fk_id_center
Hibernate: alter table doctor drop constraint fk_id_center
2022-11-18 14:54:10.382 DEBUG 9516 --- [    Test worker] org.hibernate.SQL                        : drop table if exists appointment cascade
Hibernate: drop table if exists appointment cascade
2022-11-18 14:54:10.390 DEBUG 9516 --- [    Test worker] org.hibernate.SQL                        : drop table if exists center_admin cascade
Hibernate: drop table if exists center_admin cascade
2022-11-18 14:54:10.394 DEBUG 9516 --- [    Test worker] org.hibernate.SQL                        : drop table if exists doctor cascade
Hibernate: drop table if exists doctor cascade
2022-11-18 14:54:10.398 DEBUG 9516 --- [    Test worker] org.hibernate.SQL                        : drop table if exists patient cascade
Hibernate: drop table if exists patient cascade
2022-11-18 14:54:10.401 DEBUG 9516 --- [    Test worker] org.hibernate.SQL                        : drop table if exists vaccination_center cascade
Hibernate: drop table if exists vaccination_center cascade
2022-11-18 14:54:10.405 DEBUG 9516 --- [    Test worker] org.hibernate.SQL                        : drop sequence if exists hibernate_sequence
Hibernate: drop sequence if exists hibernate_sequence
2022-11-18 14:54:10.411 DEBUG 9516 --- [    Test worker] org.hibernate.SQL                        : create sequence hibernate_sequence start 1 increment 1
Hibernate: create sequence hibernate_sequence start 1 increment 1
2022-11-18 14:54:10.422 DEBUG 9516 --- [    Test worker] org.hibernate.SQL                        : create table appointment (appointement_id int4 not null, date timestamp not null, id_vaccination_center int4 not null, id_patient int4 not null, primary key (appointement_id))
Hibernate: create table appointment (appointement_id int4 not null, date timestamp not null, id_vaccination_center int4 not null, id_patient int4 not null, primary key (appointement_id))
2022-11-18 14:54:10.442 DEBUG 9516 --- [    Test worker] org.hibernate.SQL                        : create table center_admin (id_patient int4 not null, address varchar(255), firstname varchar(255), lastname varchar(255), mail varchar(255), phone_number varchar(255), id_vaccination_center int4 not null, primary key (id_patient))
Hibernate: create table center_admin (id_patient int4 not null, address varchar(255), firstname varchar(255), lastname varchar(255), mail varchar(255), phone_number varchar(255), id_vaccination_center int4 not null, primary key (id_patient))
2022-11-18 14:54:10.450 DEBUG 9516 --- [    Test worker] org.hibernate.SQL                        : create table doctor (id_doctor int4 not null, address varchar(255), firstname varchar(255), lastname varchar(255), login varchar(255), mail varchar(255), password varchar(255), phone_number varchar(255), id_vaccination_center int4 not null, primary key (id_doctor))
Hibernate: create table doctor (id_doctor int4 not null, address varchar(255), firstname varchar(255), lastname varchar(255), login varchar(255), mail varchar(255), password varchar(255), phone_number varchar(255), id_vaccination_center int4 not null, primary key (id_doctor))
2022-11-18 14:54:10.457 DEBUG 9516 --- [    Test worker] org.hibernate.SQL                        : create table patient (id_patient int4 not null, address varchar(255), firstname varchar(255), lastname varchar(255), mail varchar(255), phone_number varchar(255), primary key (id_patient))
Hibernate: create table patient (id_patient int4 not null, address varchar(255), firstname varchar(255), lastname varchar(255), mail varchar(255), phone_number varchar(255), primary key (id_patient))
2022-11-18 14:54:10.464 DEBUG 9516 --- [    Test worker] org.hibernate.SQL                        : create table vaccination_center (id_vaccination_center int4 not null, address varchar(255), city varchar(255), name varchar(255), postal_code varchar(255), primary key (id_vaccination_center))
Hibernate: create table vaccination_center (id_vaccination_center int4 not null, address varchar(255), city varchar(255), name varchar(255), postal_code varchar(255), primary key (id_vaccination_center))
2022-11-18 14:54:10.470 DEBUG 9516 --- [    Test worker] org.hibernate.SQL                        : alter table center_admin add constraint UK_pa3rnqjr82n6iv26f6s60ea5v unique (id_vaccination_center)
Hibernate: alter table center_admin add constraint UK_pa3rnqjr82n6iv26f6s60ea5v unique (id_vaccination_center)
2022-11-18 14:54:10.473 DEBUG 9516 --- [    Test worker] org.hibernate.SQL                        : alter table appointment add constraint fk_id_center foreign key (id_vaccination_center) references vaccination_center
Hibernate: alter table appointment add constraint fk_id_center foreign key (id_vaccination_center) references vaccination_center
2022-11-18 14:54:10.489 DEBUG 9516 --- [    Test worker] org.hibernate.SQL                        : alter table appointment add constraint fk_id_patient foreign key (id_patient) references patient
Hibernate: alter table appointment add constraint fk_id_patient foreign key (id_patient) references patient
2022-11-18 14:54:10.491 DEBUG 9516 --- [    Test worker] org.hibernate.SQL                        : alter table center_admin add constraint fk_id_center foreign key (id_vaccination_center) references vaccination_center
Hibernate: alter table center_admin add constraint fk_id_center foreign key (id_vaccination_center) references vaccination_center
2022-11-18 14:54:10.494 DEBUG 9516 --- [    Test worker] org.hibernate.SQL                        : alter table doctor add constraint fk_id_center foreign key (id_vaccination_center) references vaccination_center
Hibernate: alter table doctor add constraint fk_id_center foreign key (id_vaccination_center) references vaccination_center
2022-11-18 14:54:10.497  INFO 9516 --- [    Test worker] o.h.e.t.j.p.i.JtaPlatformInitiator       : HHH000490: Using JtaPlatform implementation: [org.hibernate.engine.transaction.jta.platform.internal.NoJtaPlatform]
2022-11-18 14:54:10.506  INFO 9516 --- [    Test worker] j.LocalContainerEntityManagerFactoryBean : Initialized JPA EntityManagerFactory for persistence unit 'default'
2022-11-18 14:54:11.677  INFO 9516 --- [    Test worker] o.s.s.web.DefaultSecurityFilterChain     : Will secure any request with [org.springframework.security.web.session.DisableEncodeUrlFilter@758311ed, org.springframework.security.web.context.request.async.WebAsyncManagerIntegrationFilter@7533923b, org.springframework.security.web.context.SecurityContextPersistenceFilter@703a2bc9, org.springframework.security.web.header.HeaderWriterFilter@523f3c29, org.springframework.security.web.authentication.logout.LogoutFilter@1e160a9e, org.springframework.security.web.authentication.www.BasicAuthenticationFilter@4a0c04ab, org.springframework.security.web.savedrequest.RequestCacheAwareFilter@2cd2c764, org.springframework.security.web.servletapi.SecurityContextHolderAwareRequestFilter@11939a9f, org.springframework.security.web.authentication.AnonymousAuthenticationFilter@446981a4, org.springframework.security.web.session.SessionManagementFilter@25e203e6, org.springframework.security.web.access.ExceptionTranslationFilter@301f9aa0, org.springframework.security.web.access.intercept.AuthorizationFilter@a11efe6]
2022-11-18 14:54:12.901  INFO 9516 --- [    Test worker] o.p.covidapi.CovidApiApplicationTests    : Started CovidApiApplicationTests in 6.803 seconds (JVM running for 8.43)
]]></system-out>
  <system-err><![CDATA[]]></system-err>
</testsuite>
